<?xml version="1.0" encoding="UTF-8"?>
<coverage generated="1695305856664" clover="3.2.0">
  <project timestamp="1695305856664" name="All files">
    <metrics statements="12" coveredstatements="12" conditionals="5" coveredconditionals="4" methods="3" coveredmethods="3" elements="20" coveredelements="19" complexity="0" loc="12" ncloc="12" packages="1" files="1" classes="1"/>
    <file name="cache.js" path="/Users/iliiadenisov/Documents/repos/JsProjectsRepo/cp-lab1-2023/src/cache.js">
      <metrics statements="12" coveredstatements="12" conditionals="5" coveredconditionals="4" methods="3" coveredmethods="3"/>
      <line num="3" count="7" type="cond" truecount="4" falsecount="0"/>
      <line num="4" count="4" type="stmt"/>
      <line num="5" count="4" type="stmt"/>
      <line num="7" count="3" type="stmt"/>
      <line num="11" count="6" type="stmt"/>
      <line num="12" count="6" type="stmt"/>
      <line num="16" count="2" type="stmt"/>
      <line num="17" count="2" type="stmt"/>
      <line num="18" count="4" type="stmt"/>
      <line num="21" count="2" type="stmt"/>
      <line num="24" count="5" type="stmt"/>
      <line num="25" count="5" type="stmt"/>
    </file>
  </project>
</coverage>
