{"/Users/iliiadenisov/Documents/repos/JsProjectsRepo/cp-lab1-2023/src/cache.js": {"path":"/Users/iliiadenisov/Documents/repos/JsProjectsRepo/cp-lab1-2023/src/cache.js","statementMap":{"0":{"start":{"line":3,"column":8},"end":{"line":6,"column":9}},"1":{"start":{"line":4,"column":12},"end":{"line":4,"column":57}},"2":{"start":{"line":5,"column":12},"end":{"line":5,"column":41}},"3":{"start":{"line":7,"column":8},"end":{"line":7,"column":20}},"4":{"start":{"line":11,"column":8},"end":{"line":11,"column":34}},"5":{"start":{"line":12,"column":8},"end":{"line":12,"column":37}},"6":{"start":{"line":16,"column":21},"end":{"line":16,"column":23}},"7":{"start":{"line":17,"column":8},"end":{"line":19,"column":9}},"8":{"start":{"line":18,"column":12},"end":{"line":18,"column":77}},"9":{"start":{"line":21,"column":8},"end":{"line":21,"column":22}},"10":{"start":{"line":24,"column":14},"end":{"line":24,"column":23}},"11":{"start":{"line":25,"column":12},"end":{"line":25,"column":21}}},"fnMap":{"0":{"name":"(anonymous_0)","decl":{"start":{"line":2,"column":4},"end":{"line":2,"column":5}},"loc":{"start":{"line":2,"column":13},"end":{"line":8,"column":5}},"line":2},"1":{"name":"(anonymous_1)","decl":{"start":{"line":10,"column":4},"end":{"line":10,"column":5}},"loc":{"start":{"line":10,"column":30},"end":{"line":13,"column":5}},"line":10},"2":{"name":"(anonymous_2)","decl":{"start":{"line":15,"column":4},"end":{"line":15,"column":5}},"loc":{"start":{"line":15,"column":18},"end":{"line":22,"column":5}},"line":15}},"branchMap":{"0":{"loc":{"start":{"line":3,"column":8},"end":{"line":6,"column":9}},"type":"if","locations":[{"start":{"line":3,"column":8},"end":{"line":6,"column":9}},{"start":{},"end":{}}],"line":3},"1":{"loc":{"start":{"line":3,"column":12},"end":{"line":3,"column":58}},"type":"binary-expr","locations":[{"start":{"line":3,"column":12},"end":{"line":3,"column":31}},{"start":{"line":3,"column":35},"end":{"line":3,"column":58}}],"line":3},"2":{"loc":{"start":{"line":10,"column":20},"end":{"line":10,"column":28}},"type":"default-arg","locations":[{"start":{"line":10,"column":27},"end":{"line":10,"column":28}}],"line":10}},"s":{"0":7,"1":4,"2":4,"3":3,"4":6,"5":6,"6":2,"7":2,"8":4,"9":2,"10":5,"11":5},"f":{"0":7,"1":6,"2":2},"b":{"0":[4,3],"1":[7,6],"2":[0]},"_coverageSchema":"1a1c01bbd47fc00a2c39e90264f33305004495a9","hash":"2f8778fd33ab26daaca3669fbc5dff8aa0b3e2e6"}
}
